<?xml version="1.0" encoding="UTF-8"?>
<!-- Generated by org.testng.reporters.JUnitReportReporter -->
<testsuite hostname="L-INE-C2QCQG3" failures="0" tests="1" name="testCases.TC002_LoginTest" time="1.221" errors="0" timestamp="2025-08-11T15:12:24 IST" skipped="0">
  <testcase classname="testCases.TC002_LoginTest" name="verify_Login" time="1.221"/>
</testsuite> <!-- testCases.TC002_LoginTest -->
