<?xml version="1.0" encoding="UTF-8"?>
<!-- Generated by org.testng.reporters.JUnitReportReporter -->
<testsuite hostname="L-INE-C2QCQG3" failures="0" tests="1" name="testCases.TC001_AccountRegistrationTest" time="1.812" errors="0" timestamp="2025-08-11T15:12:24 IST" skipped="0">
  <testcase classname="testCases.TC001_AccountRegistrationTest" name="verify_account_registration" time="1.812"/>
</testsuite> <!-- testCases.TC001_AccountRegistrationTest -->
